<?xml version="1.0" encoding="UTF-8"?>
<testsuite name="org.example.Controller.RegisterAndAuthorizationTest" tests="1" skipped="0" failures="0" errors="0" timestamp="2023-10-11T05:10:08" hostname="DESKTOP-T97BUBL" time="0.024">
  <properties/>
  <testcase name="registerAndAuthorization()" classname="org.example.Controller.RegisterAndAuthorizationTest" time="0.024"/>
  <system-out><![CDATA[]]></system-out>
  <system-err><![CDATA[]]></system-err>
</testsuite>
